STEGODROID/app/build/outputs/logs/manifest-merger-release-report.txt
-- Merging decision tree log ---
manifest
ADDED from src/main/AndroidManifest.xml:2:1-58:12
	package
		ADDED from src/main/AndroidManifest.xml:3:5-33
		INJECTED from src/main/AndroidManifest.xml
		INJECTED from src/main/AndroidManifest.xml
	android:versionName
		ADDED from src/main/AndroidManifest.xml:5:5-30
	android:versionCode
		ADDED from src/main/AndroidManifest.xml:4:5-28
		INJECTED from src/main/AndroidManifest.xml
		INJECTED from src/main/AndroidManifest.xml
	xmlns:android
		ADDED from src/main/AndroidManifest.xml:2:11-69
uses-sdk
ADDED from src/main/AndroidManifest.xml:7:5-9:41
MERGED from [com.android.support:support-v4:22.1.1] AndroidManifest.xml:20:5-43
MERGED from [com.android.support:appcompat-v7:22.1.1] AndroidManifest.xml:20:5-43
MERGED from [com.android.support:support-v4:22.1.1] AndroidManifest.xml:20:5-43
	android:targetSdkVersion
		ADDED from src/main/AndroidManifest.xml:9:9-38
		INJECTED from src/main/AndroidManifest.xml
		INJECTED from src/main/AndroidManifest.xml
	android:minSdkVersion
		ADDED from src/main/AndroidManifest.xml:8:9-35
		INJECTED from src/main/AndroidManifest.xml
		INJECTED from src/main/AndroidManifest.xml
uses-permission#android.permission.WRITE_EXTERNAL_STORAGE
ADDED from src/main/AndroidManifest.xml:11:5-81
	android:name
		ADDED from src/main/AndroidManifest.xml:11:22-78
uses-permission#android.permission.READ_EXTERNAL_STORAGE
ADDED from src/main/AndroidManifest.xml:12:5-80
	android:name
		ADDED from src/main/AndroidManifest.xml:12:22-77
application
ADDED from src/main/AndroidManifest.xml:14:5-56:19
MERGED from [com.android.support:support-v4:22.1.1] AndroidManifest.xml:22:5-20
MERGED from [com.android.support:appcompat-v7:22.1.1] AndroidManifest.xml:22:5-20
MERGED from [com.android.support:support-v4:22.1.1] AndroidManifest.xml:22:5-20
	android:label
		ADDED from src/main/AndroidManifest.xml:17:9-41
	android:allowBackup
		ADDED from src/main/AndroidManifest.xml:15:9-35
	android:icon
		ADDED from src/main/AndroidManifest.xml:16:9-41
activity#edu.sxccal.stegano.Stegano
ADDED from src/main/AndroidManifest.xml:18:9-27:20
	android:screenOrientation
		ADDED from src/main/AndroidManifest.xml:21:13-49
	android:label
		ADDED from src/main/AndroidManifest.xml:20:13-45
	android:name
		ADDED from src/main/AndroidManifest.xml:19:13-36
intent-filter#android.intent.action.MAIN+android.intent.category.LAUNCHER
ADDED from src/main/AndroidManifest.xml:22:13-26:29
action#android.intent.action.MAIN
ADDED from src/main/AndroidManifest.xml:23:17-69
	android:name
		ADDED from src/main/AndroidManifest.xml:23:25-66
category#android.intent.category.LAUNCHER
ADDED from src/main/AndroidManifest.xml:25:17-77
	android:name
		ADDED from src/main/AndroidManifest.xml:25:27-74
activity#edu.sxccal.stegano.Decrypt
ADDED from src/main/AndroidManifest.xml:28:9-35:20
	android:screenOrientation
		ADDED from src/main/AndroidManifest.xml:31:13-49
	android:label
		ADDED from src/main/AndroidManifest.xml:30:13-36
	android:name
		ADDED from src/main/AndroidManifest.xml:29:13-36
intent-filter#android.intent.category.LAUNCHER
ADDED from src/main/AndroidManifest.xml:32:13-34:29
activity#edu.sxccal.stegano.About
ADDED from src/main/AndroidManifest.xml:36:9-39:52
	android:screenOrientation
		ADDED from src/main/AndroidManifest.xml:39:13-49
	android:label
		ADDED from src/main/AndroidManifest.xml:38:13-57
	android:name
		ADDED from src/main/AndroidManifest.xml:37:13-52
activity#edu.sxccal.stegano.Encrypt
ADDED from src/main/AndroidManifest.xml:40:9-47:20
	android:screenOrientation
		ADDED from src/main/AndroidManifest.xml:43:13-49
	android:label
		ADDED from src/main/AndroidManifest.xml:42:13-36
	android:name
		ADDED from src/main/AndroidManifest.xml:41:13-36
activity#edu.sxccal.stegano.DecodeQR
ADDED from src/main/AndroidManifest.xml:48:9-55:20
	android:screenOrientation
		ADDED from src/main/AndroidManifest.xml:51:13-49
	android:label
		ADDED from src/main/AndroidManifest.xml:50:13-61
	android:name
		ADDED from src/main/AndroidManifest.xml:49:13-55